00:00:01.348 VirtualBox 3.2.8 r64453 win.x86 (Aug  5 2010 14:06:59) release log
00:00:01.348 Log opened 2010-10-14T05:13:43.875000000Z
00:00:01.349 OS Product: Windows XP Professional
00:00:01.349 OS Release: 5.1.2600
00:00:01.349 OS Service Pack: 3
00:00:01.382 DMI Product Name: HP Compaq dc7800 Convertible Minitower
00:00:01.400 DMI Product Version:  
00:00:01.407 Host RAM: 994MB RAM, available: 314MB
00:00:01.408 Maximum user application address: 0x7ffeffff
00:00:01.408 Maximum allowed guest RAM size:   1500MB
00:00:01.408 Executable: C:\PROGRA~1\Oracle\VIRTUA~1\VirtualBox.exe
00:00:01.408 Process ID: 3352
00:00:01.408 Package type: WINDOWS_32BITS_GENERIC
00:00:01.522 SUP: Loaded VMMR0.r0 (C:\PROGRA~1\Oracle\VIRTUA~1\VMMR0.r0) at 0x9a4c1000 - ModuleInit at 000000009a4d4160 and ModuleTerm at 000000009a4d41c0 using the native ring-0 loader
00:00:01.531 SUP: VMMR0EntryEx located at 000000009a4d4f00, VMMR0EntryFast at 000000009a4d4310 and VMMR0EntryInt at 000000009a4d4300
00:00:01.532 SUP: windbg> .reload /f C:\PROGRA~1\Oracle\VIRTUA~1\VMMR0.r0=0x9a4c1000
00:00:01.548 File system of 'D:\images\ubuntu\HardDisks\Ubuntu.vdi' is ntfs
00:00:01.639 Console::configConstructor: DeviceIoControl failed, err (0x57), ignoring
00:00:01.702 VBoxSharedClipboard mode: Bidirectional
00:00:01.738 ************************* CFGM dump *************************
00:00:01.738 [/] (level 0)
00:00:01.739   CSAMEnabled     <integer> = 0x0000000000000001 (1)
00:00:01.740   EnablePAE       <integer> = 0x0000000000000000 (0)
00:00:01.740   HwVirtExtForced <integer> = 0x0000000000000000 (0)
00:00:01.741   MemBalloonSize  <integer> = 0x0000000000000000 (0)
00:00:01.741   Name            <string>  = "Ubuntu" (cb=7)
00:00:01.741   NumCPUs         <integer> = 0x0000000000000001 (1)
00:00:01.742   PATMEnabled     <integer> = 0x0000000000000001 (1)
00:00:01.742   PageFusion      <integer> = 0x0000000000000000 (0)
00:00:01.742   RamHoleSize     <integer> = 0x0000000020000000 (536870912)
00:00:01.743   RamSize         <integer> = 0x0000000020000000 (536870912)
00:00:01.743   RawR0Enabled    <integer> = 0x0000000000000001 (1)
00:00:01.743   RawR3Enabled    <integer> = 0x0000000000000001 (1)
00:00:01.744   SyntheticCpu    <integer> = 0x0000000000000000 (0)
00:00:01.744   TimerMillies    <integer> = 0x000000000000000a (10)
00:00:01.744   UUID            <bytes>   = "69 03 e6 a3 a8 eb ba 4a 8b dc e5 94 be 4f 98 7a" (cb=16)
00:00:01.745 
00:00:01.745 [/CPUM/] (level 1)
00:00:01.747 
00:00:01.747 [/Devices/] (level 1)
00:00:01.748 
00:00:01.749 [/Devices/8237A/] (level 2)
00:00:01.751 
00:00:01.751 [/Devices/8237A/0/] (level 3)
00:00:01.753   Trusted <integer> = 0x0000000000000001 (1)
00:00:01.754 
00:00:01.754 [/Devices/AudioSniffer/] (level 2)
00:00:01.756 
00:00:01.756 [/Devices/AudioSniffer/0/] (level 3)
00:00:01.758 
00:00:01.758 [/Devices/AudioSniffer/0/Config/] (level 4)
00:00:01.761 
00:00:01.761 [/Devices/AudioSniffer/0/LUN#0/] (level 4)
00:00:01.764   Driver <string>  = "MainAudioSniffer" (cb=17)
00:00:01.764 
00:00:01.764 [/Devices/AudioSniffer/0/LUN#0/Config/] (level 5)
00:00:01.768   Object <integer> = 0x000000000104cb70 (17091440)
00:00:01.769 
00:00:01.769 [/Devices/VMMDev/] (level 2)
00:00:01.771 
00:00:01.771 [/Devices/VMMDev/0/] (level 3)
00:00:01.773   PCIDeviceNo   <integer> = 0x0000000000000004 (4)
00:00:01.774   PCIFunctionNo <integer> = 0x0000000000000000 (0)
00:00:01.774   Trusted       <integer> = 0x0000000000000001 (1)
00:00:01.774 
00:00:01.775 [/Devices/VMMDev/0/Config/] (level 4)
00:00:01.777 
00:00:01.777 [/Devices/VMMDev/0/LUN#0/] (level 4)
00:00:01.780   Driver <string>  = "HGCM" (cb=5)
00:00:01.780 
00:00:01.781 [/Devices/VMMDev/0/LUN#0/Config/] (level 5)
00:00:01.784   Object <integer> = 0x0000000001059d50 (17145168)
00:00:01.784 
00:00:01.785 [/Devices/VMMDev/0/LUN#999/] (level 4)
00:00:01.787   Driver <string>  = "MainStatus" (cb=11)
00:00:01.788 
00:00:01.788 [/Devices/VMMDev/0/LUN#999/Config/] (level 5)
00:00:01.791   First   <integer> = 0x0000000000000000 (0)
00:00:01.791   Last    <integer> = 0x0000000000000000 (0)
00:00:01.791   papLeds <integer> = 0x0000000001059310 (17142544)
00:00:01.792 
00:00:01.792 [/Devices/acpi/] (level 2)
00:00:01.794 
00:00:01.794 [/Devices/acpi/0/] (level 3)
00:00:01.796   PCIDeviceNo   <integer> = 0x0000000000000007 (7)
00:00:01.797   PCIFunctionNo <integer> = 0x0000000000000000 (0)
00:00:01.797   Trusted       <integer> = 0x0000000000000001 (1)
00:00:01.798 
00:00:01.798 [/Devices/acpi/0/Config/] (level 4)
00:00:01.801   CpuHotPlug  <integer> = 0x0000000000000000 (0)
00:00:01.801   FdcEnabled  <integer> = 0x0000000000000000 (0)
00:00:01.801   HpetEnabled <integer> = 0x0000000000000000 (0)
00:00:01.802   IOAPIC      <integer> = 0x0000000000000000 (0)
00:00:01.802   NumCPUs     <integer> = 0x0000000000000001 (1)
00:00:01.802   RamHoleSize <integer> = 0x0000000020000000 (536870912)
00:00:01.803   RamSize     <integer> = 0x0000000020000000 (536870912)
00:00:01.803   ShowCpu     <integer> = 0x0000000000000000 (0)
00:00:01.803   ShowRtc     <integer> = 0x0000000000000000 (0)
00:00:01.804   SmcEnabled  <integer> = 0x0000000000000000 (0)
00:00:01.804 
00:00:01.804 [/Devices/acpi/0/LUN#0/] (level 4)
00:00:01.807   Driver <string>  = "ACPIHost" (cb=9)
00:00:01.807 
00:00:01.808 [/Devices/acpi/0/LUN#0/Config/] (level 5)
00:00:01.810 
00:00:01.811 [/Devices/ahci/] (level 2)
00:00:01.813 
00:00:01.813 [/Devices/ahci/0/] (level 3)
00:00:01.815   PCIDeviceNo   <integer> = 0x000000000000000d (13)
00:00:01.816   PCIFunctionNo <integer> = 0x0000000000000000 (0)
00:00:01.816   Trusted       <integer> = 0x0000000000000001 (1)
00:00:01.816 
00:00:01.817 [/Devices/ahci/0/Config/] (level 4)
00:00:01.819   PortCount       <integer> = 0x0000000000000001 (1)
00:00:01.820   PrimaryMaster   <integer> = 0x0000000000000000 (0)
00:00:01.820   PrimarySlave    <integer> = 0x0000000000000001 (1)
00:00:01.820   SecondaryMaster <integer> = 0x0000000000000002 (2)
00:00:01.821   SecondarySlave  <integer> = 0x0000000000000003 (3)
00:00:01.821 
00:00:01.821 [/Devices/ahci/0/LUN#0/] (level 4)
00:00:01.824   Driver <string>  = "Block" (cb=6)
00:00:01.824 
00:00:01.825 [/Devices/ahci/0/LUN#0/AttachedDriver/] (level 5)
00:00:01.827   Driver <string>  = "VD" (cb=3)
00:00:01.828 
00:00:01.828 [/Devices/ahci/0/LUN#0/AttachedDriver/Config/] (level 6)
00:00:01.832   Format   <string>  = "VDI" (cb=4)
00:00:01.832   Path     <string>  = "D:\images\ubuntu\HardDisks\Ubuntu.vdi" (cb=38)
00:00:01.832   UseNewIo <integer> = 0x0000000000000001 (1)
00:00:01.833 
00:00:01.833 [/Devices/ahci/0/LUN#0/Config/] (level 5)
00:00:01.836   Mountable <integer> = 0x0000000000000000 (0)
00:00:01.836   Type      <string>  = "HardDisk" (cb=9)
00:00:01.837 
00:00:01.837 [/Devices/ahci/0/LUN#999/] (level 4)
00:00:01.839   Driver <string>  = "MainStatus" (cb=11)
00:00:01.840 
00:00:01.840 [/Devices/ahci/0/LUN#999/Config/] (level 5)
00:00:01.843   First   <integer> = 0x0000000000000000 (0)
00:00:01.843   Last    <integer> = 0x0000000000000000 (0)
00:00:01.844   papLeds <integer> = 0x0000000001059218 (17142296)
00:00:01.844 
00:00:01.844 [/Devices/apic/] (level 2)
00:00:01.859 
00:00:01.860 [/Devices/apic/0/] (level 3)
00:00:01.862   Trusted <integer> = 0x0000000000000001 (1)
00:00:01.862 
00:00:01.862 [/Devices/apic/0/Config/] (level 4)
00:00:01.865   IOAPIC  <integer> = 0x0000000000000000 (0)
00:00:01.865   NumCPUs <integer> = 0x0000000000000001 (1)
00:00:01.866 
00:00:01.866 [/Devices/e1000/] (level 2)
00:00:01.868 
00:00:01.868 [/Devices/e1000/3/] (level 3)
00:00:01.870   PCIDeviceNo   <integer> = 0x000000000000000a (10)
00:00:01.871   PCIFunctionNo <integer> = 0x0000000000000000 (0)
00:00:01.871   Trusted       <integer> = 0x0000000000000001 (1)
00:00:01.871 
00:00:01.872 [/Devices/e1000/3/Config/] (level 4)
00:00:01.874   AdapterType    <integer> = 0x0000000000000000 (0)
00:00:01.875   CableConnected <integer> = 0x0000000000000001 (1)
00:00:01.875   LineSpeed      <integer> = 0x0000000000000000 (0)
00:00:01.876   MAC            <bytes>   = "00 d0 59 14 09 04" (cb=6)
00:00:01.876 
00:00:01.876 [/Devices/e1000/3/LUN#0/] (level 4)
00:00:01.879   Driver <string>  = "IntNet" (cb=7)
00:00:01.879 
00:00:01.879 [/Devices/e1000/3/LUN#0/Config/] (level 5)
00:00:01.882   Network   <string>  = "HostInterfaceNetworking-Intel(R) 82566DM-2 Gigabit Network Connection" (cb=70)
00:00:01.883   Trunk     <string>  = "\DEVICE\{5CA42857-3031-4740-ACCF-772C70A853F4}" (cb=47)
00:00:01.883   TrunkType <integer> = 0x0000000000000003 (3)
00:00:01.883 
00:00:01.884 [/Devices/e1000/3/LUN#999/] (level 4)
00:00:01.886   Driver <string>  = "MainStatus" (cb=11)
00:00:01.887 
00:00:01.887 [/Devices/e1000/3/LUN#999/Config/] (level 5)
00:00:01.890   papLeds <integer> = 0x00000000010592fc (17142524)
00:00:01.890 
00:00:01.891 [/Devices/i8254/] (level 2)
00:00:01.893 
00:00:01.893 [/Devices/i8254/0/] (level 3)
00:00:01.895 
00:00:01.895 [/Devices/i8254/0/Config/] (level 4)
00:00:01.898 
00:00:01.898 [/Devices/i8259/] (level 2)
00:00:01.900 
00:00:01.900 [/Devices/i8259/0/] (level 3)
00:00:01.903   Trusted <integer> = 0x0000000000000001 (1)
00:00:01.903 
00:00:01.903 [/Devices/i8259/0/Config/] (level 4)
00:00:01.906 
00:00:01.906 [/Devices/ichac97/] (level 2)
00:00:01.908 
00:00:01.908 [/Devices/ichac97/0/] (level 3)
00:00:01.911   PCIDeviceNo   <integer> = 0x0000000000000005 (5)
00:00:01.911   PCIFunctionNo <integer> = 0x0000000000000000 (0)
00:00:01.911   Trusted       <integer> = 0x0000000000000001 (1)
00:00:01.912 
00:00:01.912 [/Devices/ichac97/0/Config/] (level 4)
00:00:01.915 
00:00:01.915 [/Devices/ichac97/0/LUN#0/] (level 4)
00:00:01.917   Driver <string>  = "AUDIO" (cb=6)
00:00:01.918 
00:00:01.918 [/Devices/ichac97/0/LUN#0/Config/] (level 5)
00:00:01.921   AudioDriver <string>  = "dsound" (cb=7)
00:00:01.921   StreamName  <string>  = "Ubuntu" (cb=7)
00:00:01.922 
00:00:01.922 [/Devices/mc146818/] (level 2)
00:00:01.924 
00:00:01.924 [/Devices/mc146818/0/] (level 3)
00:00:01.927 
00:00:01.927 [/Devices/mc146818/0/Config/] (level 4)
00:00:01.929   UseUTC <integer> = 0x0000000000000001 (1)
00:00:01.930 
00:00:01.930 [/Devices/parallel/] (level 2)
00:00:01.932 
00:00:01.932 [/Devices/pcarch/] (level 2)
00:00:01.934 
00:00:01.934 [/Devices/pcarch/0/] (level 3)
00:00:01.936   Trusted <integer> = 0x0000000000000001 (1)
00:00:01.937 
00:00:01.937 [/Devices/pcarch/0/Config/] (level 4)
00:00:01.940 
00:00:01.940 [/Devices/pcbios/] (level 2)
00:00:01.942 
00:00:01.942 [/Devices/pcbios/0/] (level 3)
00:00:01.945   Trusted <integer> = 0x0000000000000001 (1)
00:00:01.945 
00:00:01.945 [/Devices/pcbios/0/Config/] (level 4)
00:00:01.948   BootDevice0            <string>  = "FLOPPY" (cb=7)
00:00:01.948   BootDevice1            <string>  = "DVD" (cb=4)
00:00:01.948   BootDevice2            <string>  = "IDE" (cb=4)
00:00:01.949   BootDevice3            <string>  = "NONE" (cb=5)
00:00:01.949   FloppyDevice           <string>  = "i82078" (cb=7)
00:00:01.950   HardDiskDevice         <string>  = "piix3ide" (cb=9)
00:00:01.950   IOAPIC                 <integer> = 0x0000000000000000 (0)
00:00:01.950   NumCPUs                <integer> = 0x0000000000000001 (1)
00:00:01.951   PXEDebug               <integer> = 0x0000000000000000 (0)
00:00:01.951   RamHoleSize            <integer> = 0x0000000020000000 (536870912)
00:00:01.951   RamSize                <integer> = 0x0000000020000000 (536870912)
00:00:01.952   SataHardDiskDevice     <string>  = "ahci" (cb=5)
00:00:01.952   SataPrimaryMasterLUN   <integer> = 0x0000000000000000 (0)
00:00:01.952   SataPrimarySlaveLUN    <integer> = 0x0000000000000001 (1)
00:00:01.953   SataSecondaryMasterLUN <integer> = 0x0000000000000002 (2)
00:00:01.953   SataSecondarySlaveLUN  <integer> = 0x0000000000000003 (3)
00:00:01.954   UUID                   <bytes>   = "69 03 e6 a3 a8 eb ba 4a 8b dc e5 94 be 4f 98 7a" (cb=16)
00:00:01.954 
00:00:01.954 [/Devices/pcbios/0/Config/NetBoot/] (level 5)
00:00:01.957 
00:00:01.958 [/Devices/pcbios/0/Config/NetBoot/0/] (level 6)
00:00:01.961   NIC           <integer> = 0x0000000000000003 (3)
00:00:01.961   PCIDeviceNo   <integer> = 0x000000000000000a (10)
00:00:01.961   PCIFunctionNo <integer> = 0x0000000000000000 (0)
00:00:01.962 
00:00:01.962 [/Devices/pci/] (level 2)
00:00:01.964 
00:00:01.964 [/Devices/pci/0/] (level 3)
00:00:01.966   Trusted <integer> = 0x0000000000000001 (1)
00:00:01.967 
00:00:01.967 [/Devices/pci/0/Config/] (level 4)
00:00:01.972   IOAPIC <integer> = 0x0000000000000000 (0)
00:00:01.972 
00:00:01.973 [/Devices/pckbd/] (level 2)
00:00:01.975 
00:00:01.975 [/Devices/pckbd/0/] (level 3)
00:00:01.977   Trusted <integer> = 0x0000000000000001 (1)
00:00:01.977 
00:00:01.978 [/Devices/pckbd/0/Config/] (level 4)
00:00:01.980 
00:00:01.981 [/Devices/pckbd/0/LUN#0/] (level 4)
00:00:01.983   Driver <string>  = "KeyboardQueue" (cb=14)
00:00:01.983 
00:00:01.984 [/Devices/pckbd/0/LUN#0/AttachedDriver/] (level 5)
00:00:01.987   Driver <string>  = "MainKeyboard" (cb=13)
00:00:01.987 
00:00:01.987 [/Devices/pckbd/0/LUN#0/AttachedDriver/Config/] (level 6)
00:00:01.991   Object <integer> = 0x0000000000fd4968 (16599400)
00:00:01.991 
00:00:01.991 [/Devices/pckbd/0/LUN#0/Config/] (level 5)
00:00:01.994   QueueSize <integer> = 0x0000000000000040 (64)
00:00:01.995 
00:00:01.995 [/Devices/pckbd/0/LUN#1/] (level 4)
00:00:01.997   Driver <string>  = "MouseQueue" (cb=11)
00:00:01.998 
00:00:01.998 [/Devices/pckbd/0/LUN#1/AttachedDriver/] (level 5)
00:00:02.001   Driver <string>  = "MainMouse" (cb=10)
00:00:02.001 
00:00:02.002 [/Devices/pckbd/0/LUN#1/AttachedDriver/Config/] (level 6)
00:00:02.005   Object <integer> = 0x0000000000fd4b58 (16599896)
00:00:02.005 
00:00:02.006 [/Devices/pckbd/0/LUN#1/Config/] (level 5)
00:00:02.009   QueueSize <integer> = 0x0000000000000080 (128)
00:00:02.009 
00:00:02.009 [/Devices/pcnet/] (level 2)
00:00:02.011 
00:00:02.011 [/Devices/piix3ide/] (level 2)
00:00:02.013 
00:00:02.013 [/Devices/piix3ide/0/] (level 3)
00:00:02.016   PCIDeviceNo   <integer> = 0x0000000000000001 (1)
00:00:02.016   PCIFunctionNo <integer> = 0x0000000000000001 (1)
00:00:02.017   Trusted       <integer> = 0x0000000000000001 (1)
00:00:02.017 
00:00:02.018 [/Devices/piix3ide/0/Config/] (level 4)
00:00:02.020   Type <string>  = "PIIX4" (cb=6)
00:00:02.020 
00:00:02.021 [/Devices/piix3ide/0/LUN#2/] (level 4)
00:00:02.023   Driver <string>  = "Block" (cb=6)
00:00:02.024 
00:00:02.024 [/Devices/piix3ide/0/LUN#2/Config/] (level 5)
00:00:02.027   Mountable <integer> = 0x0000000000000001 (1)
00:00:02.027   Type      <string>  = "DVD" (cb=4)
00:00:02.027 
00:00:02.028 [/Devices/piix3ide/0/LUN#999/] (level 4)
00:00:02.030   Driver <string>  = "MainStatus" (cb=11)
00:00:02.031 
00:00:02.031 [/Devices/piix3ide/0/LUN#999/Config/] (level 5)
00:00:02.034   First   <integer> = 0x0000000000000000 (0)
00:00:02.034   Last    <integer> = 0x0000000000000003 (3)
00:00:02.035   papLeds <integer> = 0x0000000001059208 (17142280)
00:00:02.035 
00:00:02.035 [/Devices/serial/] (level 2)
00:00:02.037 
00:00:02.038 [/Devices/usb-ehci/] (level 2)
00:00:02.039 
00:00:02.040 [/Devices/usb-ehci/0/] (level 3)
00:00:02.042   PCIDeviceNo   <integer> = 0x000000000000000b (11)
00:00:02.042   PCIFunctionNo <integer> = 0x0000000000000000 (0)
00:00:02.043   Trusted       <integer> = 0x0000000000000001 (1)
00:00:02.043 
00:00:02.043 [/Devices/usb-ehci/0/Config/] (level 4)
00:00:02.046 
00:00:02.046 [/Devices/usb-ehci/0/LUN#0/] (level 4)
00:00:02.049   Driver <string>  = "VUSBRootHub" (cb=12)
00:00:02.049 
00:00:02.050 [/Devices/usb-ehci/0/LUN#0/Config/] (level 5)
00:00:02.052 
00:00:02.053 [/Devices/usb-ehci/0/LUN#999/] (level 4)
00:00:02.055   Driver <string>  = "MainStatus" (cb=11)
00:00:02.055 
00:00:02.056 [/Devices/usb-ehci/0/LUN#999/Config/] (level 5)
00:00:02.059   First   <integer> = 0x0000000000000000 (0)
00:00:02.059   Last    <integer> = 0x0000000000000000 (0)
00:00:02.059   papLeds <integer> = 0x0000000001059318 (17142552)
00:00:02.060 
00:00:02.060 [/Devices/usb-ohci/] (level 2)
00:00:02.062 
00:00:02.062 [/Devices/usb-ohci/0/] (level 3)
00:00:02.065   PCIDeviceNo   <integer> = 0x0000000000000006 (6)
00:00:02.065   PCIFunctionNo <integer> = 0x0000000000000000 (0)
00:00:02.065   Trusted       <integer> = 0x0000000000000001 (1)
00:00:02.066 
00:00:02.066 [/Devices/usb-ohci/0/Config/] (level 4)
00:00:02.068 
00:00:02.069 [/Devices/usb-ohci/0/LUN#0/] (level 4)
00:00:02.071   Driver <string>  = "VUSBRootHub" (cb=12)
00:00:02.072 
00:00:02.072 [/Devices/usb-ohci/0/LUN#0/Config/] (level 5)
00:00:02.075 
00:00:02.075 [/Devices/usb-ohci/0/LUN#999/] (level 4)
00:00:02.078   Driver <string>  = "MainStatus" (cb=11)
00:00:02.078 
00:00:02.079 [/Devices/usb-ohci/0/LUN#999/Config/] (level 5)
00:00:02.081   First   <integer> = 0x0000000000000000 (0)
00:00:02.082   Last    <integer> = 0x0000000000000000 (0)
00:00:02.082   papLeds <integer> = 0x0000000001059314 (17142548)
00:00:02.082 
00:00:02.083 [/Devices/vga/] (level 2)
00:00:02.084 
00:00:02.085 [/Devices/vga/0/] (level 3)
00:00:02.087   PCIDeviceNo   <integer> = 0x0000000000000002 (2)
00:00:02.087   PCIFunctionNo <integer> = 0x0000000000000000 (0)
00:00:02.088   Trusted       <integer> = 0x0000000000000001 (1)
00:00:02.088 
00:00:02.088 [/Devices/vga/0/Config/] (level 4)
00:00:02.091   CustomVideoModes <integer> = 0x0000000000000000 (0)
00:00:02.091   FadeIn           <integer> = 0x0000000000000001 (1)
00:00:02.092   FadeOut          <integer> = 0x0000000000000001 (1)
00:00:02.092   HeightReduction  <integer> = 0x0000000000000000 (0)
00:00:02.092   LogoFile         <string>  = "" (cb=1)
00:00:02.093   LogoTime         <integer> = 0x0000000000000000 (0)
00:00:02.093   MonitorCount     <integer> = 0x0000000000000001 (1)
00:00:02.094   ShowBootMenu     <integer> = 0x0000000000000002 (2)
00:00:02.094   VRamSize         <integer> = 0x0000000000c00000 (12582912)
00:00:02.094 
00:00:02.095 [/Devices/vga/0/LUN#0/] (level 4)
00:00:02.097   Driver <string>  = "MainDisplay" (cb=12)
00:00:02.097 
00:00:02.098 [/Devices/vga/0/LUN#0/Config/] (level 5)
00:00:02.101   Object <integer> = 0x000000000104c4d8 (17089752)
00:00:02.101 
00:00:02.101 [/Devices/virtio-net/] (level 2)
00:00:02.103 
00:00:02.103 [/HWVirtExt/] (level 1)
00:00:02.105   64bitEnabled       <integer> = 0x0000000000000000 (0)
00:00:02.105   EnableLargePages   <integer> = 0x0000000000000000 (0)
00:00:02.106   EnableNestedPaging <integer> = 0x0000000000000001 (1)
00:00:02.106   EnableVPID         <integer> = 0x0000000000000001 (1)
00:00:02.106   Enabled            <integer> = 0x0000000000000001 (1)
00:00:02.107   Exclusive          <integer> = 0x0000000000000000 (0)
00:00:02.107 
00:00:02.107 [/PDM/] (level 1)
00:00:02.109 
00:00:02.109 [/PDM/AsyncCompletion/] (level 2)
00:00:02.111 
00:00:02.111 [/PDM/AsyncCompletion/File/] (level 3)
00:00:02.114   CacheEnabled <integer> = 0x0000000000000001 (1)
00:00:02.114   CacheSize    <integer> = 0x0000000000500000 (5242880)
00:00:02.114 
00:00:02.115 [/PDM/Drivers/] (level 2)
00:00:02.116 
00:00:02.117 [/PDM/Drivers/VBoxC/] (level 3)
00:00:02.119   Path <string>  = "VBoxC" (cb=6)
00:00:02.119 
00:00:02.120 [/TM/] (level 1)
00:00:02.121   UTCOffset <integer> = 0x0000000000000000 (0)
00:00:02.121 
00:00:02.122 [/USB/] (level 1)
00:00:02.123 
00:00:02.123 [/USB/HidMouse/] (level 2)
00:00:02.125 
00:00:02.126 [/USB/HidMouse/0/] (level 3)
00:00:02.128 
00:00:02.128 [/USB/HidMouse/0/Config/] (level 4)
00:00:02.131   Absolute <integer> = 0x0000000000000001 (1)
00:00:02.131 
00:00:02.131 [/USB/HidMouse/0/LUN#0/] (level 4)
00:00:02.134   Driver <string>  = "MouseQueue" (cb=11)
00:00:02.134 
00:00:02.135 [/USB/HidMouse/0/LUN#0/AttachedDriver/] (level 5)
00:00:02.137   Driver <string>  = "MainMouse" (cb=10)
00:00:02.138 
00:00:02.138 [/USB/HidMouse/0/LUN#0/AttachedDriver/Config/] (level 6)
00:00:02.142   Object <integer> = 0x0000000000fd4b58 (16599896)
00:00:02.142 
00:00:02.142 [/USB/HidMouse/0/LUN#0/Config/] (level 5)
00:00:02.145   QueueSize <integer> = 0x0000000000000080 (128)
00:00:02.145 
00:00:02.146 [/USB/USBProxy/] (level 2)
00:00:02.147 
00:00:02.148 [/USB/USBProxy/GlobalConfig/] (level 3)
00:00:02.150 
00:00:02.150 ********************* End of CFGM dump **********************
00:00:02.151 MM: cbHyperHeap=0x140000 (1310720)
00:00:02.173 Logical host processors: 2, processor active mask: 0000000000000003
00:00:02.174 ************************* CPUID dump ************************
00:00:02.175          RAW Standard CPUIDs
00:00:02.175      Function  eax      ebx      ecx      edx
00:00:02.188 Gst: 00000000  00000005 756e6547 6c65746e 49656e69
00:00:02.188 Hst:           0000000a 756e6547 6c65746e 49656e69
00:00:02.188 Gst: 00000001  000006fb 00000800 00000209 078bf1bf
00:00:02.188 Hst:           000006fb 01020800 0000e3fd bfebfbff
00:00:02.188 Gst: 00000002  05b0b101 005657f0 00000000 2cb43049
00:00:02.188 Hst:           05b0b101 005657f0 00000000 2cb43049
00:00:02.189 Gst: 00000003  00000000 00000000 00000000 00000000
00:00:02.189 Hst:           00000000 00000000 00000000 00000000
00:00:02.189 Gst: 00000004  00000000 00000000 00000000 00000000
00:00:02.189 Hst:           04000121 01c0003f 0000003f 00000001
00:00:02.190 Gst: 00000005  00000040 00000040 00000000 00000000
00:00:02.190 Hst:           00000040 00000040 00000003 00000220
00:00:02.190 Name:                            GenuineIntel
00:00:02.190 Supports:                        0-5
00:00:02.191 Family:                          6  	Extended: 0 	Effective: 6
00:00:02.191 Model:                           15  	Extended: 0 	Effective: 15
00:00:02.191 Stepping:                        11
00:00:02.191 Type:                            0 (primary)
00:00:02.191 APIC ID:                         0x00
00:00:02.191 Logical CPUs:                    0
00:00:02.191 CLFLUSH Size:                    8
00:00:02.191 Brand ID:                        0x00
00:00:02.191 Mnemonic - Description                 = guest (host)
00:00:02.191 FPU - x87 FPU on Chip                  = 1 (1)
00:00:02.192 VME - Virtual 8086 Mode Enhancements   = 1 (1)
00:00:02.192 DE - Debugging extensions              = 1 (1)
00:00:02.192 PSE - Page Size Extension              = 1 (1)
00:00:02.193 TSC - Time Stamp Counter               = 1 (1)
00:00:02.193 MSR - Model Specific Registers         = 1 (1)
00:00:02.193 PAE - Physical Address Extension       = 0 (1)
00:00:02.194 MCE - Machine Check Exception          = 1 (1)
00:00:02.194 CX8 - CMPXCHG8B instruction            = 1 (1)
00:00:02.194 APIC - APIC On-Chip                    = 0 (1)
00:00:02.195 Reserved                               = 0 (0)
00:00:02.195 SEP - SYSENTER and SYSEXIT             = 0 (1)
00:00:02.196 MTRR - Memory Type Range Registers     = 1 (1)
00:00:02.196 PGE - PTE Global Bit                   = 1 (1)
00:00:02.196 MCA - Machine Check Architecture       = 1 (1)
00:00:02.197 CMOV - Conditional Move Instructions   = 1 (1)
00:00:02.197 PAT - Page Attribute Table             = 1 (1)
00:00:02.197 PSE-36 - 36-bit Page Size Extention    = 1 (1)
00:00:02.198 PSN - Processor Serial Number          = 0 (0)
00:00:02.198 CLFSH - CLFLUSH Instruction.           = 1 (1)
00:00:02.198 Reserved                               = 0 (0)
00:00:02.199 DS - Debug Store                       = 0 (1)
00:00:02.199 ACPI - Thermal Mon. & Soft. Clock Ctrl.= 0 (1)
00:00:02.199 MMX - Intel MMX Technology             = 1 (1)
00:00:02.200 FXSR - FXSAVE and FXRSTOR Instructions = 1 (1)
00:00:02.200 SSE - SSE Support                      = 1 (1)
00:00:02.200 SSE2 - SSE2 Support                    = 1 (1)
00:00:02.201 SS - Self Snoop                        = 0 (1)
00:00:02.201 HTT - Hyper-Threading Technolog        = 0 (1)
00:00:02.202 TM - Thermal Monitor                   = 0 (1)
00:00:02.202 30 - Reserved                          = 0 (0)
00:00:02.202 PBE - Pending Break Enable             = 0 (1)
00:00:02.203 Supports SSE3 or not                   = 1 (1)
00:00:02.203 Reserved                               = 0 (0)
00:00:02.204 DS Area 64-bit layout                  = 0 (1)
00:00:02.204 Supports MONITOR/MWAIT                 = 1 (1)
00:00:02.204 CPL-DS - CPL Qualified Debug Store     = 0 (1)
00:00:02.205 VMX - Virtual Machine Technology       = 0 (1)
00:00:02.205 SMX - Safer Mode Extensions            = 0 (1)
00:00:02.205 Enhanced SpeedStep Technology          = 0 (1)
00:00:02.206 Terminal Monitor 2                     = 0 (1)
00:00:02.206 Supports Supplemental SSE3 or not      = 1 (1)
00:00:02.206 L1 Context ID                          = 0 (0)
00:00:02.207 FMA                                    = 0 (0)
00:00:02.207 Reserved                               = 0 (0)
00:00:02.207 CMPXCHG16B                             = 0 (1)
00:00:02.208 xTPR Update Control                    = 0 (1)
00:00:02.208 Perf/Debug Capability MSR              = 0 (1)
00:00:02.208 Reserved                               = 0x0 (0x0)
00:00:02.209 Direct Cache Access                    = 0 (0)
00:00:02.209 Supports SSE4_1 or not                 = 0 (0)
00:00:02.209 Supports SSE4_2 or not                 = 0 (0)
00:00:02.210 Supports the x2APIC extensions         = 0 (0)
00:00:02.210 Supports MOVBE                         = 0 (0)
00:00:02.211 Supports POPCNT                        = 0 (0)
00:00:02.211 Reserved                               = 0x0 (0x0)
00:00:02.211 Supports XSAVE                         = 0 (0)
00:00:02.212 Supports OSXSAVE                       = 0 (0)
00:00:02.212 Reserved                               = 0x0 (0x0)
00:00:02.212 
00:00:02.212          RAW Extended CPUIDs
00:00:02.212      Function  eax      ebx      ecx      edx
00:00:02.213 Gst: 80000000  80000008 00000000 00000000 00000000
00:00:02.213 Hst:           80000008 00000000 00000000 00000000
00:00:02.213 Gst: 80000001  00000000 00000000 00000000 00000000
00:00:02.213 Hst:           00000000 00000000 00000001 20100000
00:00:02.213 Gst: 80000002  65746e49 2952286c 726f4320 4d542865
00:00:02.213 Hst:           65746e49 2952286c 726f4320 4d542865
00:00:02.214 Gst: 80000003  44203229 43206f75 20205550 45202020
00:00:02.214 Hst:           44203229 43206f75 20205550 45202020
00:00:02.214 Gst: 80000004  30353736 20402020 36362e32 007a4847
00:00:02.214 Hst:           30353736 20402020 36362e32 007a4847
00:00:02.214 Gst: 80000005  00000000 00000000 00000000 00000000
00:00:02.214 Hst:           00000000 00000000 00000000 00000000
00:00:02.215 Gst: 80000006  00000000 00000000 10008040 00000000
00:00:02.215 Hst:           00000000 00000000 10008040 00000000
00:00:02.215 Gst: 80000007  00000000 00000000 00000000 00000000
00:00:02.215 Hst:           00000000 00000000 00000000 00000000
00:00:02.215 Gst: 80000008  00003024 00000000 00000000 00000000
00:00:02.215 Hst:           00003024 00000000 00000000 00000000
00:00:02.216 Gst: 80000009  07280202 00000000 00000000 00000503*
00:00:02.216 Hst:           07280202 00000000 00000000 00000503
00:00:02.216 Ext Name:                        
00:00:02.216 Ext Supports:                    0x80000000-0x80000008
00:00:02.217 Family:                          0  	Extended: 0 	Effective: 0
00:00:02.217 Model:                           0  	Extended: 0 	Effective: 0
00:00:02.217 Stepping:                        0
00:00:02.217 Brand ID:                        0x000
00:00:02.217 Mnemonic - Description                 = guest (host)
00:00:02.217 FPU - x87 FPU on Chip                  = 0 (0)
00:00:02.218 VME - Virtual 8086 Mode Enhancements   = 0 (0)
00:00:02.218 DE - Debugging extensions              = 0 (0)
00:00:02.219 PSE - Page Size Extension              = 0 (0)
00:00:02.219 TSC - Time Stamp Counter               = 0 (0)
00:00:02.219 MSR - K86 Model Specific Registers     = 0 (0)
00:00:02.220 PAE - Physical Address Extension       = 0 (0)
00:00:02.220 MCE - Machine Check Exception          = 0 (0)
00:00:02.220 CX8 - CMPXCHG8B instruction            = 0 (0)
00:00:02.221 APIC - APIC On-Chip                    = 0 (0)
00:00:02.221 10 - Reserved                          = 0 (0)
00:00:02.221 SEP - SYSCALL and SYSRET               = 0 (0)
00:00:02.222 MTRR - Memory Type Range Registers     = 0 (0)
00:00:02.222 PGE - PTE Global Bit                   = 0 (0)
00:00:02.223 MCA - Machine Check Architecture       = 0 (0)
00:00:02.223 CMOV - Conditional Move Instructions   = 0 (0)
00:00:02.223 PAT - Page Attribute Table             = 0 (0)
00:00:02.224 PSE-36 - 36-bit Page Size Extention    = 0 (0)
00:00:02.224 18 - Reserved                          = 0 (0)
00:00:02.224 19 - Reserved                          = 0 (0)
00:00:02.225 NX - No-Execute Page Protection        = 0 (1)
00:00:02.225 DS - Debug Store                       = 0 (0)
00:00:02.225 AXMMX - AMD Extensions to MMX Instr.   = 0 (0)
00:00:02.226 MMX - Intel MMX Technology             = 0 (0)
00:00:02.226 FXSR - FXSAVE and FXRSTOR Instructions = 0 (0)
00:00:02.227 25 - AMD fast FXSAVE and FXRSTOR Instr.= 0 (0)
00:00:02.227 26 - 1 GB large page support           = 0 (0)
00:00:02.227 27 - RDTSCP instruction                = 0 (0)
00:00:02.228 28 - Reserved                          = 0 (0)
00:00:02.228 29 - AMD Long Mode                     = 0 (1)
00:00:02.228 30 - AMD Extensions to 3DNow           = 0 (0)
00:00:02.229 31 - AMD 3DNow                         = 0 (0)
00:00:02.229 LahfSahf - LAHF/SAHF in 64-bit mode    = 0 (1)
00:00:02.229 CmpLegacy - Core MP legacy mode (depr) = 0 (0)
00:00:02.230 SVM - AMD VM Extensions                = 0 (0)
00:00:02.230 APIC registers starting at 0x400       = 0 (0)
00:00:02.231 AltMovCR8 - LOCK MOV CR0 means MOV CR8 = 0 (0)
00:00:02.231 Advanced bit manipulation              = 0 (0)
00:00:02.231 SSE4A instruction support              = 0 (0)
00:00:02.232 Misaligned SSE mode                    = 0 (0)
00:00:02.232 PREFETCH and PREFETCHW instruction     = 0 (0)
00:00:02.232 OS visible workaround                  = 0 (0)
00:00:02.233 Instruction based sampling             = 0 (0)
00:00:02.233 SSE5 support                           = 0 (0)
00:00:02.233 SKINIT, STGI, and DEV support          = 0 (0)
00:00:02.234 Watchdog timer support.                = 0 (0)
00:00:02.234 31:14 - Reserved                       = 0x0 (0x0)
00:00:02.235 Full Name:                       Intel(R) Core(TM)2 Duo CPU     E6750  @ 2.66GHz
00:00:02.235 TLB 2/4M Instr/Uni:              res0     0 entries
00:00:02.235 TLB 2/4M Data:                   res0     0 entries
00:00:02.236 TLB 4K Instr/Uni:                res0     0 entries
00:00:02.236 TLB 4K Data:                     res0     0 entries
00:00:02.236 L1 Instr Cache Line Size:        0 bytes
00:00:02.236 L1 Instr Cache Lines Per Tag:    0
00:00:02.236 L1 Instr Cache Associativity:    res0  
00:00:02.236 L1 Instr Cache Size:             0 KB
00:00:02.236 L1 Data Cache Line Size:         0 bytes
00:00:02.236 L1 Data Cache Lines Per Tag:     0
00:00:02.236 L1 Data Cache Associativity:     res0  
00:00:02.236 L1 Data Cache Size:              0 KB
00:00:02.237 L2 TLB 2/4M Instr/Uni:           off       0 entries
00:00:02.237 L2 TLB 2/4M Data:                off       0 entries
00:00:02.237 L2 TLB 4K Instr/Uni:             off       0 entries
00:00:02.237 L2 TLB 4K Data:                  off       0 entries
00:00:02.237 L2 Cache Line Size:              0 bytes
00:00:02.237 L2 Cache Lines Per Tag:          0
00:00:02.237 L2 Cache Associativity:          off   
00:00:02.237 L2 Cache Size:                   0 KB
00:00:02.238 APM Features:                   
00:00:02.238 Physical Address Width:          36 bits
00:00:02.238 Virtual Address Width:           48 bits
00:00:02.238 Guest Physical Address Width:    0 bits
00:00:02.239 Physical Core Count:             0
00:00:02.239 
00:00:02.239          RAW Centaur CPUIDs
00:00:02.239      Function  eax      ebx      ecx      edx
00:00:02.239 Gst: c0000000  07280202 00000000 00000000 00000503
00:00:02.239 Hst:           07280202 00000000 00000000 00000503
00:00:02.240 Gst: c0000001  07280202 00000000 00000000 00000503
00:00:02.240 Hst:           07280202 00000000 00000000 00000503
00:00:02.240 Gst: c0000002  07280202 00000000 00000000 00000503
00:00:02.240 Hst:           07280202 00000000 00000000 00000503
00:00:02.240 Gst: c0000003  07280202 00000000 00000000 00000503
00:00:02.240 Hst:           07280202 00000000 00000000 00000503
00:00:02.241 Centaur Supports:                0xc0000000-0x07280202
00:00:02.241 Mnemonic - Description                 = guest (host)
00:00:02.242 AIS - Alternate Instruction Set        = 0 (1)
00:00:02.242 AIS-E - AIS enabled                    = 0 (1)
00:00:02.242 RNG - Random Number Generator          = 0 (0)
00:00:02.243 RNG-E - RNG enabled                    = 0 (0)
00:00:02.243 LH - LongHaul MSR 0000_110Ah           = 0 (0)
00:00:02.243 FEMMS - FEMMS                          = 0 (0)
00:00:02.244 ACE - Advanced Cryptography Engine     = 0 (0)
00:00:02.244 ACE-E - ACE enabled                    = 0 (0)
00:00:02.244 ACE2 - Advanced Cryptography Engine 2  = 0 (1)
00:00:02.245 ACE2-E - ACE enabled                   = 0 (0)
00:00:02.245 PHE - Hash Engine                      = 0 (1)
00:00:02.245 PHE-E - PHE enabled                    = 0 (0)
00:00:02.246 PMM - Montgomery Multiplier            = 0 (0)
00:00:02.246 PMM-E - PMM enabled                    = 0 (0)
00:00:02.246 
00:00:02.247 
00:00:02.247 ******************** End of CPUID dump **********************
00:00:02.298 REM: VBoxREM32
00:00:02.313 TM: GIP - u32Mode=1 (SyncTSC) u32UpdateHz=64
00:00:02.359 TM: cTSCTicksPerSecond=0x9e930400 (2 660 434 944) fTSCVirtualized=true  fTSCUseRealTSC=false
00:00:02.359 TM: fMaybeUseOffsettedHostTSC=true  TSCTiedToExecution=false TSCNotTiedToHalt=false
00:00:02.372 CoreCode: R3=03da0000 R0=85bd3000 RC=a03e5000 Phys=00000000059d3000 cb=0x2000
00:00:02.431 AIOMgr: Default manager type is "Async"
00:00:02.432 AIOMgr: Default file backend is "NonBuffered"
00:00:02.433 AIOMgr: Cache successfully initialised. Cache size is 5242880 bytes
00:00:02.433 AIOMgr: Cache commit interval is 10000 ms
00:00:02.433 AIOMgr: Cache commit threshold is 2621440 bytes
00:00:02.434 AIOMgr: I/O bandwidth not limited
00:00:02.559 [SMP] BIOS with 1 CPUs
00:00:02.642 SUP: Loaded VBoxDDR0.r0 (C:\PROGRA~1\Oracle\VIRTUA~1\VBoxDDR0.r0) at 0x9a4a9000 - ModuleInit at 0000000000000000 and ModuleTerm at 0000000000000000 using the native ring-0 loader
00:00:02.643 SUP: windbg> .reload /f C:\PROGRA~1\Oracle\VIRTUA~1\VBoxDDR0.r0=0x9a4a9000
00:00:02.669 SUP: Loaded VBoxDD2R0.r0 (C:\PROGRA~1\Oracle\VIRTUA~1\VBoxDD2R0.r0) at 0x9af0a000 - ModuleInit at 0000000000000000 and ModuleTerm at 0000000000000000 using the native ring-0 loader
00:00:02.669 SUP: windbg> .reload /f C:\PROGRA~1\Oracle\VIRTUA~1\VBoxDD2R0.r0=0x9af0a000
00:00:02.669 Activating Local APIC
00:00:02.670 CPUMSetGuestCpuIdFeature: Enabled APIC
00:00:02.670 CPUMSetGuestCpuIdFeature: Disabled x2APIC
00:00:02.671 PIT: mode=3 count=0x10000 (65536) - 18.20 Hz (ch=0)
00:00:02.908 Shared Folders service loaded.
00:00:02.960 DrvBlock: Flushes will be ignored
00:00:02.969 DrvBlock: Async flushes will be passed to the disk
00:00:02.969 VDInit finished
00:00:02.986 AIOMgr: Endpoint for file 'D:\images\ubuntu\HardDisks\Ubuntu.vdi' (flags 000c0723) created successfully
00:00:03.004 AHCI: LUN#0: disk, PCHS=16383/16/63, total number of sectors 209715200
00:00:03.005 AHCI: LUN#0: using async I/O
00:00:03.005 AHCI ATA: LUN#0: disk, PCHS=16383/16/63, total number of sectors 209715200
00:00:03.006 AHCI ATA: LUN#1: no unit
00:00:03.006 ATA: Ctl: finished processing RESET
00:00:03.006 AHCI ATA: LUN#2: no unit
00:00:03.007 AHCI ATA: LUN#3: no unit
00:00:03.007 ATA: Ctl: finished processing RESET
00:00:03.008 ATA: Ctl: finished processing RESET
00:00:03.008 ATA: Ctl: finished processing RESET
00:00:03.008 PIIX3 ATA: LUN#0: no unit
00:00:03.009 PIIX3 ATA: LUN#1: no unit
00:00:03.009 DrvBlock: Flushes will be ignored
00:00:03.010 DrvBlock: Async flushes will be passed to the disk
00:00:03.010 PIIX3 ATA: LUN#2: CD/DVD, total number of sectors 0, passthrough disabled
00:00:03.010 PIIX3 ATA: LUN#3: no unit
00:00:03.011 PIIX3 ATA: Ctl#0: finished processing RESET
00:00:03.011 PIIX3 ATA: Ctl#1: finished processing RESET
00:00:03.012 IntNet#0: szNetwork={HostInterfaceNetworking-Intel(R) 82566DM-2 Gigabit Network Connection} enmTrunkType=3 szTrunk={\DEVICE\{5CA42857-3031-4740-ACCF-772C70A853F4}} fFlags=0x0 cbRecv=325632 cbSend=196608
00:00:03.012 Audio: Trying driver 'dsound'.
00:00:03.063 Audio: set_record_source ars=0 als=0 (not implemented)
00:00:03.107 VUSB: attached '<NULL>' to port 1
00:00:03.110 DevPcBios: SATA LUN#0 LCHS=1024/255/63
00:00:03.111 PGMR3InitFinalize: 4 MB PSE mask 0000000fffffffff
00:00:03.135 HWACCM: No VT-x or AMD-V CPU extension found. Reason VERR_VMX_MSR_LOCKED_OR_DISABLED
00:00:03.147 HWACCM: VMX MSR_IA32_FEATURE_CONTROL=1
00:00:03.172 VM: Halt method global1 (5)
00:00:03.173 Changing the VM state from 'CREATING' to 'CREATED'.
00:00:03.173 Changing the VM state from 'CREATED' to 'POWERING_ON'.
00:00:03.174 Changing the VM state from 'POWERING_ON' to 'RUNNING'.
00:00:03.228 2D video acceleration is disabled.
00:00:03.249 Guest Log: BIOS: VirtualBox 3.2.8
00:00:03.250 PIT: mode=2 count=0x10000 (65536) - 18.20 Hz (ch=0)
00:00:03.292 PIIX3 ATA: Ctl#1: RESET, DevSel=0 AIOIf=0 CmdIf0=0x00 (-1 usec ago) CmdIf1=0x00 (-1 usec ago)
00:00:03.293 PIIX3 ATA: Ctl#1: finished processing RESET
00:00:03.295 ATA: Ctl: RESET, DevSel=0 AIOIf=0 CmdIf0=0x00 (-1 usec ago) CmdIf1=0x00 (-1 usec ago)
00:00:03.295 ATA: Ctl: finished processing RESET
00:00:03.296 Guest Log: BIOS: ata2-0: PCHS=16383/16/63 LCHS=1024/255/63
00:00:03.298 PIT: mode=2 count=0x48d3 (18643) - 64.00 Hz (ch=0)
00:00:03.312 Display::handleDisplayResize(): uScreenId = 0, pvVRAM=04a50000 w=640 h=480 bpp=32 cbLine=0xA00
00:00:05.766 PIT: mode=2 count=0x10000 (65536) - 18.20 Hz (ch=0)
00:00:05.767 Guest Log: BIOS: Boot from Floppy 0 failed
00:00:05.769 Guest Log: BIOS: CDROM boot failure code : 0003
00:00:05.769 Guest Log: BIOS: Boot from CD-ROM failed
00:00:05.783 Display::handleDisplayResize(): uScreenId = 0, pvVRAM=00000000 w=720 h=400 bpp=0 cbLine=0x0
00:00:05.784 Guest Log: BIOS: Booting from Hard Disk...
00:00:05.799 ATA: Ctl: RESET, DevSel=0 AIOIf=0 CmdIf0=0x20 (-1 usec ago) CmdIf1=0x00 (-1 usec ago)
00:00:05.799 ATA: Ctl: finished processing RESET
00:00:08.426 Display::handleDisplayResize(): uScreenId = 0, pvVRAM=04a50000 w=640 h=480 bpp=32 cbLine=0xA00
00:00:08.834 Display::handleDisplayResize(): uScreenId = 0, pvVRAM=04b7c000 w=640 h=480 bpp=32 cbLine=0xA00
00:00:09.822 Display::handleDisplayResize(): uScreenId = 0, pvVRAM=04a50000 w=640 h=480 bpp=32 cbLine=0xA00
00:00:10.767 Display::handleDisplayResize(): uScreenId = 0, pvVRAM=04b7c000 w=640 h=480 bpp=32 cbLine=0xA00
00:00:11.068 Display::handleDisplayResize(): uScreenId = 0, pvVRAM=04a50000 w=640 h=480 bpp=32 cbLine=0xA00
00:00:11.111 Display::handleDisplayResize(): uScreenId = 0, pvVRAM=04b7c000 w=640 h=480 bpp=32 cbLine=0xA00
00:00:12.110 Display::handleDisplayResize(): uScreenId = 0, pvVRAM=04a50000 w=640 h=480 bpp=32 cbLine=0xA00
00:00:13.109 Display::handleDisplayResize(): uScreenId = 0, pvVRAM=04b7c000 w=640 h=480 bpp=32 cbLine=0xA00
00:00:14.108 Display::handleDisplayResize(): uScreenId = 0, pvVRAM=04a50000 w=640 h=480 bpp=32 cbLine=0xA00
00:00:15.117 Display::handleDisplayResize(): uScreenId = 0, pvVRAM=04b7c000 w=640 h=480 bpp=32 cbLine=0xA00
00:00:16.106 Display::handleDisplayResize(): uScreenId = 0, pvVRAM=04a50000 w=640 h=480 bpp=32 cbLine=0xA00
00:00:20.521 Display::handleDisplayResize(): uScreenId = 0, pvVRAM=04b7c000 w=640 h=480 bpp=32 cbLine=0xA00
00:00:21.273 Display::handleDisplayResize(): uScreenId = 0, pvVRAM=04a50000 w=640 h=480 bpp=32 cbLine=0xA00
00:00:24.431 Guest Log: BIOS: KBD: int09h_handler(): unknown scancode read: 0x5d!
00:00:38.235 Display::handleDisplayResize(): uScreenId = 0, pvVRAM=00000000 w=720 h=400 bpp=0 cbLine=0x0
00:00:39.501 PIT: mode=2 count=0x12a5 (4773) - 249.98 Hz (ch=0)
00:00:39.951 PATM: patmR3RefreshPatch: succeeded to refresh patch at c0108f90 
00:00:39.954 PATM: patmR3RefreshPatch: succeeded to refresh patch at c0109c40 
00:00:39.966 PATM: patmR3RefreshPatch: succeeded to refresh patch at c012a430 
00:00:39.974 PATM: patmR3RefreshPatch: succeeded to refresh patch at c0141c90 
00:00:39.982 PATM: patmR3RefreshPatch: succeeded to refresh patch at c0153630 
00:00:39.985 PATM: Failed to refresh dirty patch at c0153180. Disabling it.
00:00:39.986 PATM: Failed to refresh dirty patch at c0153180. Disabling it.
00:00:39.990 PATM: patmR3RefreshPatch: succeeded to refresh patch at c0169240 
00:00:39.994 PATM: patmR3RefreshPatch: succeeded to refresh patch at c016d780 
00:00:39.998 PATM: patmR3RefreshPatch: succeeded to refresh patch at c0175b70 
00:00:40.002 PATM: patmR3RefreshPatch: succeeded to refresh patch at c058b580 
00:00:40.006 PATM: patmR3RefreshPatch: succeeded to refresh patch at c058b6a0 
00:00:40.010 PATM: patmR3RefreshPatch: succeeded to refresh patch at c058b6d0 
00:00:40.014 PATM: patmR3RefreshPatch: succeeded to refresh patch at c016d5d0 
00:00:40.019 PATM: patmR3RefreshPatch: succeeded to refresh patch at c019fbe0 
00:00:40.022 PATM: patmR3RefreshPatch: succeeded to refresh patch at c01a2190 
00:00:40.126 PATM: patmR3RefreshPatch: succeeded to refresh patch at c058f9d0 
00:00:40.127 PATM: patmR3RefreshPatch: succeeded to refresh patch at c0151c30 
00:00:40.128 PATM: patmR3RefreshPatch: succeeded to refresh patch at c0152f40 
00:00:40.128 PATM: patmR3RefreshPatch: succeeded to refresh patch at c01fcd60 
00:00:40.130 PATM: patmR3RefreshPatch: succeeded to refresh patch at c01cd730 
00:00:40.131 PATM: patmR3RefreshPatch: succeeded to refresh patch at c01a37e0 
00:00:40.134 PATM: patmR3RefreshPatch: succeeded to refresh patch at c01df610 
00:00:40.135 PATM: patmR3RefreshPatch: succeeded to refresh patch at c0133550 
00:00:40.135 PATM: patmR3RefreshPatch: succeeded to refresh patch at c01fb570 
00:00:40.136 PATM: patmR3RefreshPatch: succeeded to refresh patch at c01fb5a0 
00:00:40.138 PATM: patmR3RefreshPatch: succeeded to refresh patch at c0176f60 
00:00:40.145 PATM: patmR3RefreshPatch: succeeded to refresh patch at c058b6a0 
00:00:40.148 PATM: patmR3RefreshPatch: succeeded to refresh patch at c0140f90 
00:00:40.152 PATM: patmR3RefreshPatch: succeeded to refresh patch at c0175d50 
00:00:40.155 PATM: patmR3RefreshPatch: succeeded to refresh patch at c0176ef0 
00:00:40.160 PATM: patmR3RefreshPatch: succeeded to refresh patch at c058b6d0 
00:00:40.165 PATM: patmR3RefreshPatch: succeeded to refresh patch at c01059d0 
00:00:40.166 PATM: patmR3RefreshPatch: succeeded to refresh patch at c019fb30 
00:00:40.173 PATM: patmR3RefreshPatch: succeeded to refresh patch at c01a2190 
00:00:40.179 PATM: patmR3RefreshPatch: succeeded to refresh patch at c058b580 
00:00:40.180 PATM: patmR3RefreshPatch: succeeded to refresh patch at c014c660 
00:00:40.182 PATM: patmR3RefreshPatch: succeeded to refresh patch at c014c850 
00:00:40.182 PATM: patmR3RefreshPatch: succeeded to refresh patch at c016c500 
00:00:40.184 PATM: patmR3RefreshPatch: succeeded to refresh patch at c0106d20 
00:00:40.185 PATM: patmR3RefreshPatch: succeeded to refresh patch at c014c8b0 
00:00:40.188 PATM: patmR3RefreshPatch: succeeded to refresh patch at c019fbe0 
00:00:40.190 PATM: patmR3RefreshPatch: succeeded to refresh patch at c0105e20 
00:00:40.196 PATM: patmR3RefreshPatch: succeeded to refresh patch at c01a1560 
00:00:40.201 PATM: patmR3RefreshPatch: succeeded to refresh patch at c0106c40 
00:00:40.203 PATM: patmR3RefreshPatch: succeeded to refresh patch at c01532b0 
00:00:40.209 PATM: patmR3RefreshPatch: succeeded to refresh patch at c01a39e0 
00:00:40.212 PATM: patmR3RefreshPatch: succeeded to refresh patch at c010365a 
00:00:40.300 PIT: mode=0 count=0x10000 (65536) - 18.20 Hz (ch=0)
00:00:40.302 PATM: patmR3RefreshPatch: succeeded to refresh patch at c014c5d0 
00:00:40.304 PATM: patmR3RefreshPatch: succeeded to refresh patch at c0175bf0 
00:00:40.309 PATM: patmR3RefreshPatch: succeeded to refresh patch at c0175b70 
00:00:40.311 PATM: patmR3RefreshPatch: succeeded to refresh patch at c015b040 
00:00:40.316 PATM: patmR3RefreshPatch: succeeded to refresh patch at c01715f0 
00:00:40.319 PATM: patmR3RefreshPatch: succeeded to refresh patch at c0170dd0 
00:00:40.323 PATM: patmR3RefreshPatch: succeeded to refresh patch at c0173640 
00:00:40.326 PATM: patmR3RefreshPatch: succeeded to refresh patch at c0132f80 
00:00:40.330 PATM: Failed to refresh dirty patch at c016c540. Disabling it.
00:00:40.335 PATM: patmR3RefreshPatch: succeeded to refresh patch at c015b090 
00:00:40.340 PATM: patmR3RefreshPatch: succeeded to refresh patch at c013f430 
00:00:40.342 PATM: patmR3RefreshPatch: succeeded to refresh patch at c013f1a0 
00:00:40.345 PATM: patmR3RefreshPatch: succeeded to refresh patch at c01fc1a0 
00:00:40.347 PATM: patmR3RefreshPatch: succeeded to refresh patch at c01a6ab0 
00:00:40.352 PATM: patmR3RefreshPatch: succeeded to refresh patch at c015b070 
00:00:40.357 PATM: patmR3RefreshPatch: succeeded to refresh patch at c016b250 
00:00:40.358 PATM: patmR3RefreshPatch: succeeded to refresh patch at c0153630 
00:00:40.361 PATM: patmR3RefreshPatch: succeeded to refresh patch at c0352a10 
00:00:40.366 PATM: patmR3RefreshPatch: succeeded to refresh patch at c019f690 
00:00:40.373 PATM: patmR3RefreshPatch: succeeded to refresh patch at c01a43c0 
00:00:40.377 PATM: patmR3RefreshPatch: succeeded to refresh patch at c01a31d0 
00:00:40.381 PATM: patmR3RefreshPatch: succeeded to refresh patch at c014cab0 
00:00:40.385 PATM: patmR3RefreshPatch: succeeded to refresh patch at c0141c90 
00:00:40.389 PATM: patmR3RefreshPatch: succeeded to refresh patch at c0141350 
00:00:40.393 PATM: patmR3RefreshPatch: succeeded to refresh patch at c0141230 
00:00:40.404 PATM: patmR3RefreshPatch: succeeded to refresh patch at c01c6e60 
00:00:40.409 PATM: patmR3RefreshPatch: succeeded to refresh patch at c0169240 
00:00:40.412 PATM: patmR3RefreshPatch: succeeded to refresh patch at c016fa00 
00:00:40.416 PATM: Failed to refresh dirty patch at c0153180. Disabling it.
00:00:40.429 PATM: patmR3RefreshPatch: succeeded to refresh patch at c014cd30 
00:00:40.490 PATM: Disabling IDT ef patch handler c0103dc0
00:00:40.491 PATM: patmR3RefreshPatch: succeeded to refresh patch at c0103dc0 
00:00:40.597 PATM: patmR3RefreshPatch: succeeded to refresh patch at c0152fd0 
00:00:40.718 PIIX3 ATA: Ctl#0: RESET, DevSel=0 AIOIf=0 CmdIf0=0x00 (-1 usec ago) CmdIf1=0x00 (-1 usec ago)
00:00:40.718 PIIX3 ATA: Ctl#0: finished processing RESET
00:00:40.723 PIIX3 ATA: Ctl#1: RESET, DevSel=0 AIOIf=0 CmdIf0=0xa0 (-1 usec ago) CmdIf1=0x00 (-1 usec ago)
00:00:40.724 PIIX3 ATA: Ctl#1: finished processing RESET
00:00:40.724 EHCI: Hardware reset
00:00:40.725 EHCI: Hardware reset
00:00:40.725 EHCI: USB Operational
00:00:40.816 OHCI: Software reset
00:00:40.817 OHCI: USB Operational
00:00:41.111 PATM: patmR3RefreshPatch: succeeded to refresh patch at c012bfc0 
00:00:41.112 PATM: patmR3RefreshPatch: succeeded to refresh patch at c01cfd70 
00:00:41.347 PATM: Disable block at c07b1bb9 - write c07b1c1d-c07b1c21
00:00:41.349 PATM: Disable block at c07b1fbf - write c07b2031-c07b2035
00:00:41.351 PATM: Disable block at c07b2e5b - write c07b2ee9-c07b2eed
00:00:41.352 PATM: Disable block at c07b4c44 - write c07b4cc3-c07b4cc7
00:00:41.355 PATM: Disable block at c07d0827 - write c07d0894-c07d0898
00:00:41.356 PATM: Disable block at c07d09e2 - write c07d0a6d-c07d0a71
00:00:41.357 PATM: Disable block at c07d418b - write c07d41fc-c07d4200
00:00:41.997 PATM: patmR3RefreshPatch: succeeded to refresh patch at c01cd3d0 
00:00:42.045 PATM: patmR3RefreshPatch: succeeded to refresh patch at c0352c60 
00:00:42.048 PATM: patmR3RefreshPatch: succeeded to refresh patch at c0352a80 
00:00:42.507 PATM: patmR3RefreshPatch: succeeded to refresh patch at c01333a0 
00:00:43.470 EHCI: USB Suspended
00:01:12.251 PGM: Failed to procure handy pages; rc=VERR_NO_MEMORY rcAlloc=VINF_SUCCESS rcSeed=VINF_SUCCESS cHandyPages=0x1f
00:01:12.251      cAllPages=0x21045 cPrivatePages=0x918d cSharedPages=0x0 cZeroPages=0x17e93
00:01:12.270 GMM: Statistics:
00:01:12.270      Allocated pages: 81a8
00:01:12.270      Maximum   pages: 2009c
00:01:12.270      Ballooned pages: 0
00:01:12.271 VM: Raising runtime error 'HostMemoryLow' (fFlags=0x2)
00:01:12.271 Changing the VM state from 'RUNNING' to 'SUSPENDING'.
00:01:12.321 AIOMgr: Endpoint for file 'D:\images\ubuntu\HardDisks\Ubuntu.vdi' (flags 000c0781) created successfully
00:01:12.379 Changing the VM state from 'SUSPENDING' to 'SUSPENDED'.
00:01:12.379 Console: VM runtime error: fatal=false, errorID=HostMemoryLow message="Unable to allocate and lock memory. The virtual machine will be paused. Please close applications to free up memory or close the VM"
00:01:15.088 Changing the VM state from 'SUSPENDED' to 'RESUMING'.
00:01:15.089 AIOMgr: Endpoint for file 'D:\images\ubuntu\HardDisks\Ubuntu.vdi' (flags 000c0723) created successfully
00:01:15.158 Changing the VM state from 'RESUMING' to 'RUNNING'.
00:01:26.262 PGM: Failed to procure handy pages; rc=VERR_NO_MEMORY rcAlloc=VINF_SUCCESS rcSeed=VINF_SUCCESS cHandyPages=0x1b
00:01:26.262      cAllPages=0x21045 cPrivatePages=0xb78a cSharedPages=0x0 cZeroPages=0x15896
00:01:26.263 GMM: Statistics:
00:01:26.263      Allocated pages: a7a1
00:01:26.263      Maximum   pages: 2009c
00:01:26.263      Ballooned pages: 0
00:01:26.263 PGM: Failed to procure handy pages; rc=VERR_NO_MEMORY rcAlloc=VINF_SUCCESS rcSeed=VINF_SUCCESS cHandyPages=0x1b
00:01:26.263      cAllPages=0x21045 cPrivatePages=0xb78a cSharedPages=0x0 cZeroPages=0x15896
00:01:26.264 GMM: Statistics:
00:01:26.264      Allocated pages: a7a1
00:01:26.264      Maximum   pages: 2009c
00:01:26.264      Ballooned pages: 0
00:01:26.265 VM: Raising runtime error 'HostMemoryLow' (fFlags=0x2)
00:01:26.265 Changing the VM state from 'RUNNING' to 'SUSPENDING'.
00:01:26.493 AIOMgr: Endpoint for file 'D:\images\ubuntu\HardDisks\Ubuntu.vdi' (flags 000c0781) created successfully
00:01:26.544 Changing the VM state from 'SUSPENDING' to 'SUSPENDED'.
00:01:26.545 Console: VM runtime error: fatal=false, errorID=HostMemoryLow message="Unable to allocate and lock memory. The virtual machine will be paused. Please close applications to free up memory or close the VM"
00:01:30.314 Changing the VM state from 'SUSPENDED' to 'RESUMING'.
00:01:30.314 AIOMgr: Endpoint for file 'D:\images\ubuntu\HardDisks\Ubuntu.vdi' (flags 000c0723) created successfully
00:01:30.389 Changing the VM state from 'RESUMING' to 'RUNNING'.
00:01:41.525 PATM: Disabling IDT e patch handler c058b900
00:01:41.552 PATM: patmR3RefreshPatch: succeeded to refresh patch at c058b900 
00:01:42.078 Guest Additions information report: Interface = 0x00010004 osType = 0x00053000
00:01:42.078 Guest Additions information report: Version 3.2.8 r64453 '3.2.8'
00:01:42.079 Guest Additions capability report: (0x0) seamless: no, hostWindowMapping: no, graphics: no
00:01:42.119 Guest reported fixed hypervisor window at 0xe1400000 (size = 0x800000, rc = VINF_SUCCESS)
00:01:42.139 Guest Log: vboxguest: major 0, IRQ 10, I/O port d020, MMIO at 00000000f0000000 (size 0x400000)
00:01:43.594 Display::handleDisplayResize(): uScreenId = 0, pvVRAM=04a50000 w=640 h=480 bpp=0 cbLine=0x140
00:01:46.317 PGM: Failed to procure handy pages; rc=VERR_NO_MEMORY rcAlloc=VINF_SUCCESS rcSeed=VINF_SUCCESS cHandyPages=0x8
00:01:46.317      cAllPages=0x21045 cPrivatePages=0xdbea cSharedPages=0x0 cZeroPages=0x13436
00:01:46.317 GMM: Statistics:
00:01:46.317      Allocated pages: cbee
00:01:46.317      Maximum   pages: 2009c
00:01:46.317      Ballooned pages: 0
00:01:46.319 VM: Raising runtime error 'HostMemoryLow' (fFlags=0x2)
00:01:46.319 Changing the VM state from 'RUNNING' to 'SUSPENDING'.
00:01:46.382 AIOMgr: Endpoint for file 'D:\images\ubuntu\HardDisks\Ubuntu.vdi' (flags 000c0781) created successfully
00:01:46.406 Changing the VM state from 'SUSPENDING' to 'SUSPENDED'.
00:01:46.407 Console: VM runtime error: fatal=false, errorID=HostMemoryLow message="Unable to allocate and lock memory. The virtual machine will be paused. Please close applications to free up memory or close the VM"
00:01:57.292 Changing the VM state from 'SUSPENDED' to 'RESUMING'.
00:01:57.293 AIOMgr: Endpoint for file 'D:\images\ubuntu\HardDisks\Ubuntu.vdi' (flags 000c0723) created successfully
00:01:57.349 Changing the VM state from 'RESUMING' to 'RUNNING'.
00:01:58.917 Audio: set_record_source ars=0 als=0 (not implemented)
00:01:58.918 Audio: set_record_source ars=0 als=0 (not implemented)
00:01:58.926 Audio: set_record_source ars=0 als=0 (not implemented)
00:02:09.891 Guest Additions capability report: (0x4) seamless: no, hostWindowMapping: no, graphics: yes
00:02:09.893 Display::handleDisplayResize(): uScreenId = 0, pvVRAM=04a50000 w=1152 h=864 bpp=32 cbLine=0x1200
00:02:09.954 VBVA: Enabled.
00:02:09.955 Guest Additions capability report: (0x4) seamless: no, hostWindowMapping: no, graphics: yes
00:02:10.622 VBVA: Disabled.
00:02:10.635 VBVA: Enabled.
00:02:10.637 Guest Additions capability report: (0x4) seamless: no, hostWindowMapping: no, graphics: yes
00:02:10.642 VBVA: Disabled.
00:02:10.646 VBVA: Enabled.
00:02:10.786 SharedFolders host service: connected, u32ClientID = 4
00:02:15.515 Guest Additions capability report: (0x5) seamless: yes, hostWindowMapping: no, graphics: yes
00:02:31.968 EHCI: USB Operational
00:02:32.864 PGM: Failed to procure handy pages; rc=VERR_NO_MEMORY rcAlloc=VINF_SUCCESS rcSeed=VINF_SUCCESS cHandyPages=0x8
00:02:32.864      cAllPages=0x21045 cPrivatePages=0x143eb cSharedPages=0x0 cZeroPages=0xcc35
00:02:32.864 GMM: Statistics:
00:02:32.864      Allocated pages: 133ef
00:02:32.864      Maximum   pages: 2009c
00:02:32.864      Ballooned pages: 0
00:02:33.365 VM: Raising runtime error 'HostMemoryLow' (fFlags=0x2)
00:02:33.365 Changing the VM state from 'RUNNING' to 'SUSPENDING'.
00:02:33.599 AIOMgr: Endpoint for file 'D:\images\ubuntu\HardDisks\Ubuntu.vdi' (flags 000c0781) created successfully
00:02:33.621 Changing the VM state from 'SUSPENDING' to 'SUSPENDED'.
00:02:33.638 Console: VM runtime error: fatal=false, errorID=HostMemoryLow message="Unable to allocate and lock memory. The virtual machine will be paused. Please close applications to free up memory or close the VM"
00:02:40.501 Changing the VM state from 'SUSPENDED' to 'RESUMING'.
00:02:40.501 AIOMgr: Endpoint for file 'D:\images\ubuntu\HardDisks\Ubuntu.vdi' (flags 000c0723) created successfully
00:02:40.594 Changing the VM state from 'RESUMING' to 'RUNNING'.
00:02:41.735 EHCI: USB Suspended
00:03:24.266 PGM: Failed to procure handy pages; rc=VERR_NO_MEMORY rcAlloc=VINF_SUCCESS rcSeed=VINF_SUCCESS cHandyPages=0x8
00:03:24.282      cAllPages=0x21045 cPrivatePages=0x16792 cSharedPages=0x0 cZeroPages=0xa88e
00:03:24.283 GMM: Statistics:
00:03:24.283      Allocated pages: 15796
00:03:24.283      Maximum   pages: 2009c
00:03:24.283      Ballooned pages: 0
00:03:24.284 VM: Raising runtime error 'HostMemoryLow' (fFlags=0x2)
00:03:24.284 Changing the VM state from 'RUNNING' to 'SUSPENDING'.
00:03:24.471 AIOMgr: Endpoint for file 'D:\images\ubuntu\HardDisks\Ubuntu.vdi' (flags 000c0781) created successfully
00:03:24.606 Changing the VM state from 'SUSPENDING' to 'SUSPENDED'.
00:03:24.690 Console: VM runtime error: fatal=false, errorID=HostMemoryLow message="Unable to allocate and lock memory. The virtual machine will be paused. Please close applications to free up memory or close the VM"
00:03:30.322 Changing the VM state from 'SUSPENDED' to 'RESUMING'.
00:03:30.323 AIOMgr: Endpoint for file 'D:\images\ubuntu\HardDisks\Ubuntu.vdi' (flags 000c0723) created successfully
00:03:30.346 Changing the VM state from 'RESUMING' to 'RUNNING'.
00:03:34.894 PGM: Failed to procure handy pages; rc=VERR_NO_MEMORY rcAlloc=VINF_SUCCESS rcSeed=VINF_SUCCESS cHandyPages=0x8
00:03:34.894      cAllPages=0x21045 cPrivatePages=0x185ea cSharedPages=0x0 cZeroPages=0x8a36
00:03:34.894 GMM: Statistics:
00:03:34.894      Allocated pages: 175ee
00:03:34.894      Maximum   pages: 2009c
00:03:34.894      Ballooned pages: 0
00:03:34.903 VM: Raising runtime error 'HostMemoryLow' (fFlags=0x2)
00:03:34.905 Changing the VM state from 'RUNNING' to 'SUSPENDING'.
00:03:34.948 AIOMgr: Endpoint for file 'D:\images\ubuntu\HardDisks\Ubuntu.vdi' (flags 000c0781) created successfully
00:03:34.968 Changing the VM state from 'SUSPENDING' to 'SUSPENDED'.
00:03:34.969 Console: VM runtime error: fatal=false, errorID=HostMemoryLow message="Unable to allocate and lock memory. The virtual machine will be paused. Please close applications to free up memory or close the VM"
00:03:38.972 Changing the VM state from 'SUSPENDED' to 'RESUMING'.
00:03:38.973 AIOMgr: Endpoint for file 'D:\images\ubuntu\HardDisks\Ubuntu.vdi' (flags 000c0723) created successfully
00:03:39.006 Changing the VM state from 'RESUMING' to 'RUNNING'.
00:03:46.155 PGM: Failed to procure handy pages; rc=VERR_NO_MEMORY rcAlloc=VINF_SUCCESS rcSeed=VINF_SUCCESS cHandyPages=0x8
00:03:46.155      cAllPages=0x21045 cPrivatePages=0x19db2 cSharedPages=0x0 cZeroPages=0x726e
00:03:46.156 GMM: Statistics:
00:03:46.156      Allocated pages: 18db6
00:03:46.156      Maximum   pages: 2009c
00:03:46.156      Ballooned pages: 0
00:03:46.156 PGM: Failed to procure handy pages; rc=VERR_NO_MEMORY rcAlloc=VINF_SUCCESS rcSeed=VINF_SUCCESS cHandyPages=0x7
00:03:46.156      cAllPages=0x21045 cPrivatePages=0x19db3 cSharedPages=0x0 cZeroPages=0x726d
00:03:46.157 GMM: Statistics:
00:03:46.157      Allocated pages: 18db6
00:03:46.157      Maximum   pages: 2009c
00:03:46.157      Ballooned pages: 0
00:03:46.157 VM: Raising runtime error 'HostMemoryLow' (fFlags=0x2)
00:03:46.157 Changing the VM state from 'RUNNING' to 'SUSPENDING'.
00:03:46.222 AIOMgr: Endpoint for file 'D:\images\ubuntu\HardDisks\Ubuntu.vdi' (flags 000c0781) created successfully
00:03:46.263 Changing the VM state from 'SUSPENDING' to 'SUSPENDED'.
00:03:46.263 Console: VM runtime error: fatal=false, errorID=HostMemoryLow message="Unable to allocate and lock memory. The virtual machine will be paused. Please close applications to free up memory or close the VM"
00:03:52.104 Changing the VM state from 'SUSPENDED' to 'RESUMING'.
00:03:52.236 AIOMgr: Endpoint for file 'D:\images\ubuntu\HardDisks\Ubuntu.vdi' (flags 000c0723) created successfully
00:03:52.332 Changing the VM state from 'RESUMING' to 'RUNNING'.
00:04:06.737 PGM: Failed to procure handy pages; rc=VERR_NO_MEMORY rcAlloc=VINF_SUCCESS rcSeed=VINF_SUCCESS cHandyPages=0x8
00:04:06.787      cAllPages=0x21045 cPrivatePages=0x1b1ca cSharedPages=0x0 cZeroPages=0x5e56
00:04:06.787 GMM: Statistics:
00:04:06.787      Allocated pages: 1a1ce
00:04:06.787      Maximum   pages: 2009c
00:04:06.787      Ballooned pages: 0
00:04:07.327 VM: Raising runtime error 'HostMemoryLow' (fFlags=0x2)
00:04:07.345 Changing the VM state from 'RUNNING' to 'SUSPENDING'.
00:04:07.551 AIOMgr: Endpoint for file 'D:\images\ubuntu\HardDisks\Ubuntu.vdi' (flags 000c0781) created successfully
00:04:07.569 Changing the VM state from 'SUSPENDING' to 'SUSPENDED'.
00:04:07.611 Console: VM runtime error: fatal=false, errorID=HostMemoryLow message="Unable to allocate and lock memory. The virtual machine will be paused. Please close applications to free up memory or close the VM"
00:04:25.279 Changing the VM state from 'SUSPENDED' to 'RESUMING'.
00:04:25.487 AIOMgr: Endpoint for file 'D:\images\ubuntu\HardDisks\Ubuntu.vdi' (flags 000c0723) created successfully
00:04:25.569 Changing the VM state from 'RESUMING' to 'RUNNING'.
00:04:40.504 PGM: Failed to procure handy pages; rc=VERR_NO_MEMORY rcAlloc=VINF_SUCCESS rcSeed=VINF_SUCCESS cHandyPages=0x8
00:04:40.504      cAllPages=0x21045 cPrivatePages=0x1d5b2 cSharedPages=0x0 cZeroPages=0x3a6e
00:04:40.504 GMM: Statistics:
00:04:40.504      Allocated pages: 1c5b6
00:04:40.521      Maximum   pages: 2009c
00:04:40.521      Ballooned pages: 0
00:04:40.570 VM: Raising runtime error 'HostMemoryLow' (fFlags=0x2)
00:04:40.588 Changing the VM state from 'RUNNING' to 'SUSPENDING'.
00:04:41.204 AIOMgr: Endpoint for file 'D:\images\ubuntu\HardDisks\Ubuntu.vdi' (flags 000c0781) created successfully
00:04:41.286 Changing the VM state from 'SUSPENDING' to 'SUSPENDED'.
00:04:41.312 Console: VM runtime error: fatal=false, errorID=HostMemoryLow message="Unable to allocate and lock memory. The virtual machine will be paused. Please close applications to free up memory or close the VM"
00:04:47.151 Changing the VM state from 'SUSPENDED' to 'RESUMING'.
00:04:47.152 AIOMgr: Endpoint for file 'D:\images\ubuntu\HardDisks\Ubuntu.vdi' (flags 000c0723) created successfully
00:04:47.258 Changing the VM state from 'RESUMING' to 'RUNNING'.
00:10:08.647 PATM: patmR3RefreshPatch: succeeded to refresh patch at c0103a00 
